<?xml version="1.0" encoding="UTF-8"?>
<!-- Generated by org.testng.reporters.JUnitReportReporter -->
<testsuite skipped="0" hostname="DESKTOP-FLRNLCI" name="com.training.functional.tests.RTTC_090TEST" tests="3" failures="0" timestamp="13 Feb 2019 11:14:27 GMT" time="59.053" errors="0">
  <testcase name="setUp" time="18.872" classname="com.training.functional.tests.RTTC_090TEST"/>
  <testcase name="validLoginTest" time="6.734" classname="com.training.functional.tests.RTTC_090TEST"/>
  <testcase name="validTest" time="33.447" classname="com.training.functional.tests.RTTC_090TEST"/>
</testsuite> <!-- com.training.functional.tests.RTTC_090TEST -->
