<?xml version="1.0" encoding="UTF-8"?>
<!-- Generated by org.testng.reporters.JUnitReportReporter -->
<testsuite skipped="0" hostname="DESKTOP-FLRNLCI" name="com.training.functional.tests.RTTC_056_DiscountOnExistingProduct" tests="1" failures="0" timestamp="29 Jan 2019 06:24:41 GMT" time="38.186" errors="0">
  <testcase name="validLoginTest" time="38.186" classname="com.training.functional.tests.RTTC_056_DiscountOnExistingProduct"/>
</testsuite> <!-- com.training.functional.tests.RTTC_056_DiscountOnExistingProduct -->
