<?xml version="1.0" encoding="UTF-8"?>
<!-- Generated by org.testng.reporters.JUnitReportReporter -->
<testsuite skipped="0" hostname="DESKTOP-FLRNLCI" name="com.training.functional.tests.RTTC_086_CustomerCreateGroupDBTest" tests="5" failures="0" timestamp="14 Feb 2019 18:46:43 GMT" time="249.663" errors="0">
  <testcase name="setUp" time="103.620" classname="com.training.functional.tests.RTTC_086_CustomerCreateGroupDBTest"/>
  <testcase name="validLoginTest" time="48.862" classname="com.training.functional.tests.RTTC_086_CustomerCreateGroupDBTest"/>
  <testcase name="CreateGroupTest" time="36.912" classname="com.training.functional.tests.RTTC_086_CustomerCreateGroupDBTest"/>
  <testcase name="assertTest" time="7.273" classname="com.training.functional.tests.RTTC_086_CustomerCreateGroupDBTest"/>
  <testcase name="loginDBTest" time="52.996" classname="com.training.functional.tests.RTTC_086_CustomerCreateGroupDBTest"/>
</testsuite> <!-- com.training.functional.tests.RTTC_086_CustomerCreateGroupDBTest -->
