<?xml version="1.0" encoding="UTF-8"?>
<!-- Generated by org.testng.reporters.JUnitReportReporter -->
<testsuite skipped="0" hostname="DESKTOP-FLRNLCI" name="com.training.functional.tests.RTTC_058_AddCouponDiscount_Test" tests="5" failures="0" timestamp="31 Jan 2019 08:59:17 GMT" time="27.520" errors="0">
  <testcase name="setUp" time="7.126" classname="com.training.functional.tests.RTTC_058_AddCouponDiscount_Test"/>
  <testcase name="validLoginTest" time="3.820" classname="com.training.functional.tests.RTTC_058_AddCouponDiscount_Test"/>
  <testcase name="couponDiscount" time="15.854" classname="com.training.functional.tests.RTTC_058_AddCouponDiscount_Test"/>
  <testcase name="assertionCoupon1" time="0.357" classname="com.training.functional.tests.RTTC_058_AddCouponDiscount_Test"/>
  <testcase name="assertionCoupon2" time="0.363" classname="com.training.functional.tests.RTTC_058_AddCouponDiscount_Test"/>
</testsuite> <!-- com.training.functional.tests.RTTC_058_AddCouponDiscount_Test -->
