<?xml version="1.0" encoding="UTF-8"?>
<!-- Generated by org.testng.reporters.JUnitReportReporter -->
<testsuite skipped="0" hostname="DESKTOP-FLRNLCI" name="com.training.functional.tests.RTTC_056_DiscountOnExistingProduct_Test" tests="3" failures="0" timestamp="01 Feb 2019 10:01:01 GMT" time="55.806" errors="0">
  <testcase name="setUp" time="14.471" classname="com.training.functional.tests.RTTC_056_DiscountOnExistingProduct_Test"/>
  <testcase name="validLoginTest" time="11.147" classname="com.training.functional.tests.RTTC_056_DiscountOnExistingProduct_Test"/>
  <testcase name="ProductTest" time="30.188" classname="com.training.functional.tests.RTTC_056_DiscountOnExistingProduct_Test"/>
</testsuite> <!-- com.training.functional.tests.RTTC_056_DiscountOnExistingProduct_Test -->
