<?xml version="1.0" encoding="UTF-8"?>
<!-- Generated by org.testng.reporters.JUnitReportReporter -->
<testsuite skipped="0" hostname="DESKTOP-FLRNLCI" name="com.training.functional.tests.TC_30_Retail_LogoutApp" tests="3" failures="0" timestamp="05 Feb 2019 11:11:25 GMT" time="107.007" errors="0">
  <testcase name="setUp" time="53.866" classname="com.training.functional.tests.TC_30_Retail_LogoutApp"/>
  <testcase name="validLoginTest" time="49.726" classname="com.training.functional.tests.TC_30_Retail_LogoutApp"/>
  <testcase name="logout" time="3.415" classname="com.training.functional.tests.TC_30_Retail_LogoutApp"/>
</testsuite> <!-- com.training.functional.tests.TC_30_Retail_LogoutApp -->
