<?xml version="1.0" encoding="UTF-8"?>
<!-- Generated by org.testng.reporters.JUnitReportReporter -->
<testsuite skipped="0" hostname="DESKTOP-FLRNLCI" name="com.training.functional.tests.TC_test" tests="2" failures="0" timestamp="06 Feb 2019 04:46:24 GMT" time="9.204" errors="0">
  <testcase name="setUp" time="5.529" classname="com.training.functional.tests.TC_test"/>
  <testcase name="validLoginTest" time="3.675" classname="com.training.functional.tests.TC_test"/>
</testsuite> <!-- com.training.functional.tests.TC_test -->
