<?xml version="1.0" encoding="UTF-8"?>
<!-- Generated by org.testng.reporters.JUnitReportReporter -->
<testsuite skipped="0" hostname="DESKTOP-FLRNLCI" name="com.training.sanity.tests.LoginTests" tests="1" failures="0" timestamp="21 Jan 2019 11:58:14 GMT" time="17.741" errors="0">
  <testcase name="validLoginTest" time="17.741" classname="com.training.sanity.tests.LoginTests"/>
</testsuite> <!-- com.training.sanity.tests.LoginTests -->
