<?xml version="1.0" encoding="UTF-8"?>
<!-- Generated by org.testng.reporters.JUnitReportReporter -->
<testsuite skipped="0" hostname="DESKTOP-FLRNLCI" name="com.training.functional.tests.TC_30_Retail_LogoutApp" tests="3" failures="0" timestamp="30 Jan 2019 09:08:17 GMT" time="42.563" errors="0">
  <testcase name="setUp" time="12.085" classname="com.training.functional.tests.TC_30_Retail_LogoutApp"/>
  <testcase name="validLoginTest" time="27.060" classname="com.training.functional.tests.TC_30_Retail_LogoutApp"/>
  <testcase name="logout" time="3.418" classname="com.training.functional.tests.TC_30_Retail_LogoutApp"/>
</testsuite> <!-- com.training.functional.tests.TC_30_Retail_LogoutApp -->
