<?xml version="1.0" encoding="UTF-8"?>
<!-- Generated by org.testng.reporters.JUnitReportReporter -->
<testsuite skipped="0" hostname="DESKTOP-FLRNLCI" name="com.training.functional.tests.RTTC_060test" tests="6" failures="0" timestamp="31 Jan 2019 06:54:56 GMT" time="27.471" errors="0">
  <testcase name="setUp" time="9.114" classname="com.training.functional.tests.RTTC_060test"/>
  <testcase name="validLoginTest" time="5.900" classname="com.training.functional.tests.RTTC_060test"/>
  <testcase name="marketingMenu" time="5.721" classname="com.training.functional.tests.RTTC_060test"/>
  <testcase name="assertionMail1" time="1.732" classname="com.training.functional.tests.RTTC_060test"/>
  <testcase name="sendMail2" time="4.682" classname="com.training.functional.tests.RTTC_060test"/>
  <testcase name="assertionMail2" time="0.322" classname="com.training.functional.tests.RTTC_060test"/>
</testsuite> <!-- com.training.functional.tests.RTTC_060test -->
