<?xml version="1.0" encoding="UTF-8"?>
<!-- Generated by org.testng.reporters.JUnitReportReporter -->
<testsuite skipped="0" hostname="DESKTOP-FLRNLCI" name="com.training.functional.tests.RTTC_087_CustomerCreateGroupMultiUserTest" tests="7" failures="0" timestamp="15 Feb 2019 05:49:38 GMT" time="120.010" errors="0">
  <testcase name="setUp" time="12.575" classname="com.training.functional.tests.RTTC_087_CustomerCreateGroupMultiUserTest"/>
  <testcase name="validLoginTest" time="6.499" classname="com.training.functional.tests.RTTC_087_CustomerCreateGroupMultiUserTest"/>
  <testcase name="CreateGroupTest" time="24.786" classname="com.training.functional.tests.RTTC_087_CustomerCreateGroupMultiUserTest"/>
  <testcase name="CreateGroupTest" time="22.939" classname="com.training.functional.tests.RTTC_087_CustomerCreateGroupMultiUserTest"/>
  <testcase name="CreateGroupTest" time="22.041" classname="com.training.functional.tests.RTTC_087_CustomerCreateGroupMultiUserTest"/>
  <testcase name="CreateGroupTest" time="30.623" classname="com.training.functional.tests.RTTC_087_CustomerCreateGroupMultiUserTest"/>
  <testcase name="assertTest" time="0.547" classname="com.training.functional.tests.RTTC_087_CustomerCreateGroupMultiUserTest"/>
</testsuite> <!-- com.training.functional.tests.RTTC_087_CustomerCreateGroupMultiUserTest -->
