<?xml version="1.0" encoding="UTF-8"?>
<!-- Generated by org.testng.reporters.JUnitReportReporter -->
<testsuite skipped="0" hostname="DESKTOP-FLRNLCI" name="com.training.functional.tests.RetailLogin" tests="1" failures="0" timestamp="28 Jan 2019 05:10:09 GMT" time="12.176" errors="0">
  <testcase name="validLoginTest" time="12.176" classname="com.training.functional.tests.RetailLogin"/>
</testsuite> <!-- com.training.functional.tests.RetailLogin -->
