<?xml version="1.0" encoding="UTF-8"?>
<!-- Generated by org.testng.reporters.JUnitReportReporter -->
<testsuite skipped="0" hostname="DESKTOP-FLRNLCI" name="com.training.functional.tests.RTTC_TC88Test" tests="6" failures="0" timestamp="08 Feb 2019 13:56:57 GMT" time="129.896" errors="0">
  <testcase name="setUp" time="10.067" classname="com.training.functional.tests.RTTC_TC88Test"/>
  <testcase name="validLoginTest" time="7.122" classname="com.training.functional.tests.RTTC_TC88Test"/>
  <testcase name="CreateGroupTest" time="27.243" classname="com.training.functional.tests.RTTC_TC88Test"/>
  <testcase name="CreateGroupTest" time="30.200" classname="com.training.functional.tests.RTTC_TC88Test"/>
  <testcase name="CreateGroupTest" time="27.281" classname="com.training.functional.tests.RTTC_TC88Test"/>
  <testcase name="CreateGroupTest" time="27.983" classname="com.training.functional.tests.RTTC_TC88Test"/>
</testsuite> <!-- com.training.functional.tests.RTTC_TC88Test -->
