<?xml version="1.0" encoding="UTF-8"?>
<!-- Generated by org.testng.reporters.JUnitReportReporter -->
<testsuite skipped="0" hostname="DESKTOP-FLRNLCI" name="com.training.functional.tests.Retail_CustomerOnline" tests="2" failures="0" timestamp="24 Jan 2019 13:49:57 GMT" time="36.252" errors="0">
  <testcase name="setUp" time="16.829" classname="com.training.functional.tests.Retail_CustomerOnline"/>
  <testcase name="validLoginTest" time="19.423" classname="com.training.functional.tests.Retail_CustomerOnline"/>
</testsuite> <!-- com.training.functional.tests.Retail_CustomerOnline -->
