<?xml version="1.0" encoding="UTF-8"?>
<!-- Generated by org.testng.reporters.JUnitReportReporter -->
<testsuite skipped="0" hostname="DESKTOP-FLRNLCI" name="com.training.functional.tests.TRTTC_057test" tests="1" failures="0" timestamp="29 Jan 2019 17:13:03 GMT" time="236.927" errors="0">
  <testcase name="validLoginTest" time="236.927" classname="com.training.functional.tests.TRTTC_057test"/>
</testsuite> <!-- com.training.functional.tests.TRTTC_057test -->
