<?xml version="1.0" encoding="UTF-8"?>
<!-- Generated by org.testng.reporters.JUnitReportReporter -->
<testsuite skipped="0" hostname="DESKTOP-FLRNLCI" name="com.training.functional.tests.RetailLogin" tests="1" failures="0" timestamp="22 Jan 2019 13:44:55 GMT" time="16.297" errors="0">
  <testcase name="validLoginTest" time="16.297" classname="com.training.functional.tests.RetailLogin"/>
</testsuite> <!-- com.training.functional.tests.RetailLogin -->
