<?xml version="1.0" encoding="UTF-8"?>
<!-- Generated by org.testng.reporters.JUnitReportReporter -->
<testsuite skipped="0" hostname="DESKTOP-FLRNLCI" name="com.training.functional.tests.RTTC_059Test" tests="4" failures="0" timestamp="31 Jan 2019 06:15:12 GMT" time="30.247" errors="0">
  <testcase name="setUp" time="8.290" classname="com.training.functional.tests.RTTC_059Test"/>
  <testcase name="validLoginTest" time="5.100" classname="com.training.functional.tests.RTTC_059Test"/>
  <testcase name="marketingMenuTest" time="16.453" classname="com.training.functional.tests.RTTC_059Test"/>
  <testcase name="assertionTest" time="0.404" classname="com.training.functional.tests.RTTC_059Test"/>
</testsuite> <!-- com.training.functional.tests.RTTC_059Test -->
