<?xml version="1.0" encoding="UTF-8"?>
<!-- Generated by org.testng.reporters.JUnitReportReporter -->
<testsuite skipped="0" hostname="DESKTOP-FLRNLCI" name="com.training.functional.tests.RTTC_090InvalidAddingProductTest" tests="4" failures="0" timestamp="13 Feb 2019 11:59:20 GMT" time="53.130" errors="0">
  <testcase name="setUp" time="11.392" classname="com.training.functional.tests.RTTC_090InvalidAddingProductTest"/>
  <testcase name="validLoginTest" time="7.962" classname="com.training.functional.tests.RTTC_090InvalidAddingProductTest"/>
  <testcase name="validTest" time="33.331" classname="com.training.functional.tests.RTTC_090InvalidAddingProductTest"/>
  <testcase name="assertTest" time="0.445" classname="com.training.functional.tests.RTTC_090InvalidAddingProductTest"/>
</testsuite> <!-- com.training.functional.tests.RTTC_090InvalidAddingProductTest -->
