<?xml version="1.0" encoding="UTF-8"?>
<!-- Generated by org.testng.reporters.JUnitReportReporter -->
<testsuite skipped="0" hostname="DESKTOP-FLRNLCI" name="com.training.functional.tests.TC_30_Retail_LogoutApp" tests="3" failures="0" timestamp="26 Jan 2019 14:59:50 GMT" time="47.141" errors="0">
  <testcase name="setUp" time="11.368" classname="com.training.functional.tests.TC_30_Retail_LogoutApp"/>
  <testcase name="validLoginTest" time="32.227" classname="com.training.functional.tests.TC_30_Retail_LogoutApp"/>
  <testcase name="logout" time="3.546" classname="com.training.functional.tests.TC_30_Retail_LogoutApp"/>
</testsuite> <!-- com.training.functional.tests.TC_30_Retail_LogoutApp -->
