<?xml version="1.0" encoding="UTF-8"?>
<!-- Generated by org.testng.reporters.JUnitReportReporter -->
<testsuite skipped="0" hostname="DESKTOP-FLRNLCI" name="com.training.functional.tests.TC_27_Retail_CustomerOnline" tests="2" failures="0" timestamp="25 Jan 2019 13:19:39 GMT" time="27.354" errors="0">
  <testcase name="setUp" time="9.537" classname="com.training.functional.tests.TC_27_Retail_CustomerOnline"/>
  <testcase name="validLoginTest" time="17.817" classname="com.training.functional.tests.TC_27_Retail_CustomerOnline"/>
</testsuite> <!-- com.training.functional.tests.TC_27_Retail_CustomerOnline -->
