<?xml version="1.0" encoding="UTF-8"?>
<!-- Generated by org.testng.reporters.JUnitReportReporter -->
<testsuite skipped="0" hostname="DESKTOP-FLRNLCI" name="com.training.functional.tests.Retail_OrerStatus_All" tests="2" failures="0" timestamp="25 Jan 2019 06:58:58 GMT" time="32.278" errors="0">
  <testcase name="setUp" time="11.281" classname="com.training.functional.tests.Retail_OrerStatus_All"/>
  <testcase name="validLoginTest" time="20.997" classname="com.training.functional.tests.Retail_OrerStatus_All"/>
</testsuite> <!-- com.training.functional.tests.Retail_OrerStatus_All -->
