<?xml version="1.0" encoding="UTF-8"?>
<!-- Generated by org.testng.reporters.JUnitReportReporter -->
<testsuite skipped="0" hostname="DESKTOP-FLRNLCI" name="com.training.functional.tests.RTTC_057_Retail_AddProductDiscount_Test" tests="4" failures="0" timestamp="31 Jan 2019 10:45:27 GMT" time="45.637" errors="0">
  <testcase name="setUp" time="9.342" classname="com.training.functional.tests.RTTC_057_Retail_AddProductDiscount_Test"/>
  <testcase name="validLoginTest" time="5.293" classname="com.training.functional.tests.RTTC_057_Retail_AddProductDiscount_Test"/>
  <testcase name="addproduct" time="30.591" classname="com.training.functional.tests.RTTC_057_Retail_AddProductDiscount_Test"/>
  <testcase name="assertTest" time="0.411" classname="com.training.functional.tests.RTTC_057_Retail_AddProductDiscount_Test"/>
</testsuite> <!-- com.training.functional.tests.RTTC_057_Retail_AddProductDiscount_Test -->
