<?xml version="1.0" encoding="UTF-8"?>
<!-- Generated by org.testng.reporters.JUnitReportReporter -->
<testsuite skipped="0" hostname="DESKTOP-FLRNLCI" name="com.training.functional.tests.TC_29_Retail_Logout" tests="3" failures="0" timestamp="25 Jan 2019 11:47:28 GMT" time="55.930" errors="0">
  <testcase name="setUp" time="33.808" classname="com.training.functional.tests.TC_29_Retail_Logout"/>
  <testcase name="validLoginTest" time="11.874" classname="com.training.functional.tests.TC_29_Retail_Logout"/>
  <testcase name="validLogoutTest" time="10.248" classname="com.training.functional.tests.TC_29_Retail_Logout"/>
</testsuite> <!-- com.training.functional.tests.TC_29_Retail_Logout -->
