<?xml version="1.0" encoding="UTF-8"?>
<!-- Generated by org.testng.reporters.JUnitReportReporter -->
<testsuite skipped="0" hostname="DESKTOP-FLRNLCI" name="com.training.functional.tests.TC_28_Report_CustomerActivity" tests="2" failures="0" timestamp="25 Jan 2019 12:51:11 GMT" time="36.666" errors="0">
  <testcase name="setUp" time="17.374" classname="com.training.functional.tests.TC_28_Report_CustomerActivity"/>
  <testcase name="validLoginTest" time="19.292" classname="com.training.functional.tests.TC_28_Report_CustomerActivity"/>
</testsuite> <!-- com.training.functional.tests.TC_28_Report_CustomerActivity -->
