<?xml version="1.0" encoding="UTF-8"?>
<!-- Generated by org.testng.reporters.JUnitReportReporter -->
<testsuite skipped="0" hostname="DESKTOP-FLRNLCI" name="com.training.functional.tests.RTTC_087_CustomerCreateGroupTest" tests="5" failures="0" timestamp="08 Feb 2019 12:33:47 GMT" time="60.482" errors="0">
  <testcase name="setUp" time="19.109" classname="com.training.functional.tests.RTTC_087_CustomerCreateGroupTest"/>
  <testcase name="validLoginTest" time="10.434" classname="com.training.functional.tests.RTTC_087_CustomerCreateGroupTest"/>
  <testcase name="CreateGroupTest" time="11.047" classname="com.training.functional.tests.RTTC_087_CustomerCreateGroupTest"/>
  <testcase name="assertTest" time="0.378" classname="com.training.functional.tests.RTTC_087_CustomerCreateGroupTest"/>
  <testcase name="CustomerTest" time="19.514" classname="com.training.functional.tests.RTTC_087_CustomerCreateGroupTest"/>
</testsuite> <!-- com.training.functional.tests.RTTC_087_CustomerCreateGroupTest -->
